C:\Users\Elizabeth\Source\Repos\RestApp\RestApp\RestApp\app\app.component.js
C:\Users\Elizabeth\Source\Repos\RestApp\RestApp\RestApp\app\app.component.js.map
C:\Users\Elizabeth\Source\Repos\RestApp\RestApp\RestApp\app\components\navbar\navbar.component.js
C:\Users\Elizabeth\Source\Repos\RestApp\RestApp\RestApp\app\components\navbar\navbar.component.js.map
C:\Users\Elizabeth\Source\Repos\RestApp\RestApp\RestApp\app\components\navbar\navbar.module.js
C:\Users\Elizabeth\Source\Repos\RestApp\RestApp\RestApp\app\components\navbar\navbar.module.js.map
C:\Users\Elizabeth\Source\Repos\RestApp\RestApp\RestApp\app\components\sidebar\sidebar.metadata.js
C:\Users\Elizabeth\Source\Repos\RestApp\RestApp\RestApp\app\components\sidebar\sidebar.metadata.js.map
C:\Users\Elizabeth\Source\Repos\RestApp\RestApp\RestApp\app\components\dashboard\dashboard.component.js
C:\Users\Elizabeth\Source\Repos\RestApp\RestApp\RestApp\app\components\dashboard\dashboard.component.js.map
C:\Users\Elizabeth\Source\Repos\RestApp\RestApp\RestApp\app\components\sidebar\sidebarroutes.config.js
C:\Users\Elizabeth\Source\Repos\RestApp\RestApp\RestApp\app\components\sidebar\sidebarroutes.config.js.map
C:\Users\Elizabeth\Source\Repos\RestApp\RestApp\RestApp\app\components\sidebar\sidebar.component.js
C:\Users\Elizabeth\Source\Repos\RestApp\RestApp\RestApp\app\components\sidebar\sidebar.component.js.map
C:\Users\Elizabeth\Source\Repos\RestApp\RestApp\RestApp\app\components\sidebar\sidebar.module.js
C:\Users\Elizabeth\Source\Repos\RestApp\RestApp\RestApp\app\components\sidebar\sidebar.module.js.map
C:\Users\Elizabeth\Source\Repos\RestApp\RestApp\RestApp\app\components\dashboard\dashboard.module.js
C:\Users\Elizabeth\Source\Repos\RestApp\RestApp\RestApp\app\components\dashboard\dashboard.module.js.map
C:\Users\Elizabeth\Source\Repos\RestApp\RestApp\RestApp\app\app.module.js
C:\Users\Elizabeth\Source\Repos\RestApp\RestApp\RestApp\app\app.module.js.map
C:\Users\Elizabeth\Source\Repos\RestApp\RestApp\RestApp\app\main.js
C:\Users\Elizabeth\Source\Repos\RestApp\RestApp\RestApp\app\main.js.map
C:\Users\Elizabeth\Source\Repos\RestApp\RestApp\RestApp\app\components\navbar\shutdown\shutdown.component.js
C:\Users\Elizabeth\Source\Repos\RestApp\RestApp\RestApp\app\components\navbar\shutdown\shutdown.component.js.map
C:\Users\Elizabeth\Source\Repos\RestApp\RestApp\RestApp\app\components\navbar\search\search.component.js
C:\Users\Elizabeth\Source\Repos\RestApp\RestApp\RestApp\app\components\navbar\search\search.component.js.map
C:\Users\Elizabeth\Source\Repos\RestApp\RestApp\RestApp\app\components\navbar\notificationlist\notificationlist.component.js
C:\Users\Elizabeth\Source\Repos\RestApp\RestApp\RestApp\app\components\navbar\notificationlist\notificationlist.component.js.map
C:\Users\Elizabeth\Source\Repos\RestApp\RestApp\RestApp\app\components\navbar\navigationtoggle\navigationtoggle.component.js
C:\Users\Elizabeth\Source\Repos\RestApp\RestApp\RestApp\app\components\navbar\navigationtoggle\navigationtoggle.component.js.map
C:\Users\Elizabeth\Source\Repos\RestApp\RestApp\RestApp\app\components\navbar\navigationbrand\navigationbrand.component.js
C:\Users\Elizabeth\Source\Repos\RestApp\RestApp\RestApp\app\components\navbar\navigationbrand\navigationbrand.component.js.map
C:\Users\Elizabeth\Source\Repos\RestApp\RestApp\RestApp\app\components\navbar\messageslist\messageslist.component.js
C:\Users\Elizabeth\Source\Repos\RestApp\RestApp\RestApp\app\components\navbar\messageslist\messageslist.component.js.map
